<?xml version="1.0" encoding="UTF-8"?>
<testsuite xmlns:xsi="http://www.w3.org/2001/XMLSchema-instance" xsi:noNamespaceSchemaLocation="https://maven.apache.org/surefire/maven-failsafe-plugin/xsd/failsafe-test-report-3.0.xsd" version="3.0" name="Parallel03IT" time="70.527" tests="1" errors="1" skipped="0" failures="0">
  <properties>
[...]
</properties>
  <testcase name="1. Valid user with valid user name and password." classname="Walgreens login functionality." time="68.646">
    <error message="no such element: Unable to locate element: {&quot;method&quot;:&quot;css selector&quot;,&quot;selector&quot;:&quot;div.page-container:nth-child(3) div.headerclass.headerid:nth-child(3) div.container div.row.pt10.pb10 div.col-lg-4.col-md-4.col-sm-5.wag-pos-rel div.pull-right.pt10 div.media-body.wag-account-info-wid:nth-child(1) div:nth-child(1) div.wag-pos-relative div.wag-dropdown-link div:nth-child(1) &gt; a.wag-head-text4.wag-hn-lt-55roman&quot;}&#10;  (Session info: headless chrome=76.0.3809.100)&#10;For documentation on this error, please visit: https://www.seleniumhq.org/exceptions/no_such_element.html&#10;Build info: version: &apos;3.141.59&apos;, revision: &apos;e82be7d358&apos;, time: &apos;2018-11-14T08:17:03&apos;&#10;System info: host: &apos;LAPTOP-J8QIV4LD&apos;, ip: &apos;192.168.84.188&apos;, os.name: &apos;Windows 10&apos;, os.arch: &apos;amd64&apos;, os.version: &apos;10.0&apos;, java.version: &apos;1.8.0_201&apos;&#10;Driver info: org.openqa.selenium.chrome.ChromeDriver&#10;Capabilities {acceptInsecureCerts: false, browserName: chrome, browserVersion: 76.0.3809.100, chrome: {chromedriverVersion: 76.0.3809.68 (420c9498db8ce..., userDataDir: C:\Users\aahme\AppData\Loca...}, goog:chromeOptions: {debuggerAddress: localhost:52876}, javascriptEnabled: true, networkConnectionEnabled: false, pageLoadStrategy: normal, platform: XP, platformName: XP, proxy: Proxy(), setWindowRect: true, strictFileInteractability: false, timeouts: {implicit: 0, pageLoad: 300000, script: 30000}, unhandledPromptBehavior: dismiss and notify}&#10;Session ID: 61c9eabc765064e9b22991b581cc7282&#10;*** Element info: {Using=css selector, value=div.page-container:nth-child(3) div.headerclass.headerid:nth-child(3) div.container div.row.pt10.pb10 div.col-lg-4.col-md-4.col-sm-5.wag-pos-rel div.pull-right.pt10 div.media-body.wag-account-info-wid:nth-child(1) div:nth-child(1) div.wag-pos-relative div.wag-dropdown-link div:nth-child(1) &gt; a.wag-head-text4.wag-hn-lt-55roman}" type="org.openqa.selenium.NoSuchElementException">org.openqa.selenium.NoSuchElementException: 
no such element: Unable to locate element: {"method":"css selector","selector":"div.page-container:nth-child(3) div.headerclass.headerid:nth-child(3) div.container div.row.pt10.pb10 div.col-lg-4.col-md-4.col-sm-5.wag-pos-rel div.pull-right.pt10 div.media-body.wag-account-info-wid:nth-child(1) div:nth-child(1) div.wag-pos-relative div.wag-dropdown-link div:nth-child(1) > a.wag-head-text4.wag-hn-lt-55roman"}
  (Session info: headless chrome=76.0.3809.100)
For documentation on this error, please visit: https://www.seleniumhq.org/exceptions/no_such_element.html
Build info: version: '3.141.59', revision: 'e82be7d358', time: '2018-11-14T08:17:03'
System info: host: 'LAPTOP-J8QIV4LD', ip: '192.168.84.188', os.name: 'Windows 10', os.arch: 'amd64', os.version: '10.0', java.version: '1.8.0_201'
Driver info: org.openqa.selenium.chrome.ChromeDriver
Capabilities {acceptInsecureCerts: false, browserName: chrome, browserVersion: 76.0.3809.100, chrome: {chromedriverVersion: 76.0.3809.68 (420c9498db8ce..., userDataDir: C:\Users\aahme\AppData\Loca...}, goog:chromeOptions: {debuggerAddress: localhost:52876}, javascriptEnabled: true, networkConnectionEnabled: false, pageLoadStrategy: normal, platform: XP, platformName: XP, proxy: Proxy(), setWindowRect: true, strictFileInteractability: false, timeouts: {implicit: 0, pageLoad: 300000, script: 30000}, unhandledPromptBehavior: dismiss and notify}
Session ID: 61c9eabc765064e9b22991b581cc7282
*** Element info: {Using=css selector, value=div.page-container:nth-child(3) div.headerclass.headerid:nth-child(3) div.container div.row.pt10.pb10 div.col-lg-4.col-md-4.col-sm-5.wag-pos-rel div.pull-right.pt10 div.media-body.wag-account-info-wid:nth-child(1) div:nth-child(1) div.wag-pos-relative div.wag-dropdown-link div:nth-child(1) > a.wag-head-text4.wag-hn-lt-55roman}
</error>
    <system-out><![CDATA[17:29:01.382 [main] DEBUG com.util.DriverFactory - Using browser : CH-HL
17:29:04.200 [main] DEBUG io.github.bonigarcia.wdm.Preferences - Preference found chrome76=76.0.3809.68 (valid until 2019-08-25 13:52:35)
17:29:04.203 [main] INFO  i.g.bonigarcia.wdm.WebDriverManager - Using chromedriver 76.0.3809.68 (since Google Chrome 76 is installed in your machine)
17:29:04.233 [main] DEBUG i.g.bonigarcia.wdm.WebDriverManager - Driver chromedriver 76.0.3809.68 found in cache
17:29:04.234 [main] INFO  i.g.bonigarcia.wdm.WebDriverManager - Exporting webdriver.chrome.driver as C:\Users\aahme\.m2\repository\webdriver\chromedriver\win32\76.0.3809.68\chromedriver.exe
17:29:37.932 [main] DEBUG com.util.DriverFactory - Using browser : CH-HL
17:30:08.201 [main] DEBUG com.util.DriverFactory - Using browser : CH
17:30:08.201 [main] DEBUG com.util.DriverFactory - Removing driver
]]></system-out>
    <system-err><![CDATA[Aug 24, 2019 5:29:01 PM java.util.prefs.WindowsPreferences <init>
WARNING: Could not open/create prefs root node Software\JavaSoft\Prefs at root 0x80000002. Windows RegCreateKeyEx(...) returned error code 5.
Starting ChromeDriver 76.0.3809.68 (420c9498db8ce8fcd190a954d51297672c1515d5-refs/branch-heads/3809@{#864}) on port 4790
Only local connections are allowed.
Please protect ports used by ChromeDriver and related test frameworks to prevent access by malicious code.
[1566682149.981][WARNING]: Timed out connecting to Chrome, retrying...
Aug 24, 2019 5:29:12 PM org.openqa.selenium.remote.ProtocolHandshake createSession
INFO: Detected dialect: W3C
[1566682154.338][WARNING]: Timed out connecting to Chrome, retrying...
]]></system-err>
  </testcase>
</testsuite>